<?xml version="1.0" encoding="UTF-8"?>
<testsuite name="com.builders.web.HelloServletTest" tests="1" skipped="0" failures="0" errors="0" timestamp="2021-03-16T13:58:03" hostname="DESKTOP-VIVJPFI" time="0.019">
  <properties/>
  <testcase name="testHello" classname="com.builders.web.HelloServletTest" time="0.019"/>
  <system-out><![CDATA[]]></system-out>
  <system-err><![CDATA[]]></system-err>
</testsuite>
