<?xml version="1.0" encoding="UTF-8"?>
<testsuite name="com.builders.services.BuilderServiceTest" tests="1" skipped="0" failures="0" errors="0" timestamp="2021-03-16T13:57:58" hostname="DESKTOP-VIVJPFI" time="0.007">
  <properties/>
  <testcase name="testHello" classname="com.builders.services.BuilderServiceTest" time="0.007"/>
  <system-out><![CDATA[]]></system-out>
  <system-err><![CDATA[]]></system-err>
</testsuite>
